  SeaBattle.cpp
C:\Users\std\source\repos\SB\SeaBattle\SeaBattle\SeaBattle.cpp(27,15): warning C4244: аргумент: преобразование "time_t" в "unsigned int", возможна потеря данных
C:\Users\std\source\repos\SB\SeaBattle\SeaBattle\SeaBattle.cpp(182,10): warning C4244: аргумент: преобразование "double" в "DWORD", возможна потеря данных
C:\Users\std\source\repos\SB\SeaBattle\SeaBattle\SeaBattle.cpp(183,10): warning C4244: аргумент: преобразование "double" в "DWORD", возможна потеря данных
C:\Users\std\source\repos\SB\SeaBattle\SeaBattle\SeaBattle.cpp(184,10): warning C4244: аргумент: преобразование "double" в "DWORD", возможна потеря данных
C:\Users\std\source\repos\SB\SeaBattle\SeaBattle\SeaBattle.cpp(185,10): warning C4244: аргумент: преобразование "double" в "DWORD", возможна потеря данных
C:\Users\std\source\repos\SB\SeaBattle\SeaBattle\SeaBattle.cpp(186,10): warning C4244: аргумент: преобразование "double" в "DWORD", возможна потеря данных
C:\Users\std\source\repos\SB\SeaBattle\SeaBattle\SeaBattle.cpp(188,10): warning C4244: аргумент: преобразование "double" в "DWORD", возможна потеря данных
C:\Users\std\source\repos\SB\SeaBattle\SeaBattle\SeaBattle.cpp(192,10): warning C4244: аргумент: преобразование "double" в "DWORD", возможна потеря данных
C:\Users\std\source\repos\SB\SeaBattle\SeaBattle\SeaBattle.cpp(193,10): warning C4244: аргумент: преобразование "double" в "DWORD", возможна потеря данных
C:\Users\std\source\repos\SB\SeaBattle\SeaBattle\SeaBattle.cpp(194,10): warning C4244: аргумент: преобразование "double" в "DWORD", возможна потеря данных
C:\Users\std\source\repos\SB\SeaBattle\SeaBattle\SeaBattle.cpp(195,10): warning C4244: аргумент: преобразование "double" в "DWORD", возможна потеря данных
C:\Users\std\source\repos\SB\SeaBattle\SeaBattle\SeaBattle.cpp(196,10): warning C4244: аргумент: преобразование "double" в "DWORD", возможна потеря данных
C:\Users\std\source\repos\SB\SeaBattle\SeaBattle\SeaBattle.cpp(197,10): warning C4244: аргумент: преобразование "double" в "DWORD", возможна потеря данных
C:\Users\std\source\repos\SB\SeaBattle\SeaBattle\SeaBattle.cpp(198,10): warning C4244: аргумент: преобразование "double" в "DWORD", возможна потеря данных
C:\Users\std\source\repos\SB\SeaBattle\SeaBattle\SeaBattle.cpp(199,10): warning C4244: аргумент: преобразование "double" в "DWORD", возможна потеря данных
C:\Users\std\source\repos\SB\SeaBattle\SeaBattle\SeaBattle.cpp(201,10): warning C4244: аргумент: преобразование "double" в "DWORD", возможна потеря данных
C:\Users\std\source\repos\SB\SeaBattle\SeaBattle\SeaBattle.cpp(203,10): warning C4244: аргумент: преобразование "double" в "DWORD", возможна потеря данных
C:\Users\std\source\repos\SB\SeaBattle\SeaBattle\SeaBattle.cpp(205,10): warning C4244: аргумент: преобразование "double" в "DWORD", возможна потеря данных
C:\Users\std\source\repos\SB\SeaBattle\SeaBattle\SeaBattle.cpp(206,10): warning C4244: аргумент: преобразование "double" в "DWORD", возможна потеря данных
C:\Users\std\source\repos\SB\SeaBattle\SeaBattle\SeaBattle.cpp(207,10): warning C4244: аргумент: преобразование "double" в "DWORD", возможна потеря данных
C:\Users\std\source\repos\SB\SeaBattle\SeaBattle\SeaBattle.cpp(208,10): warning C4244: аргумент: преобразование "double" в "DWORD", возможна потеря данных
C:\Users\std\source\repos\SB\SeaBattle\SeaBattle\SeaBattle.cpp(209,10): warning C4244: аргумент: преобразование "double" в "DWORD", возможна потеря данных
C:\Users\std\source\repos\SB\SeaBattle\SeaBattle\SeaBattle.cpp(210,10): warning C4244: аргумент: преобразование "double" в "DWORD", возможна потеря данных
C:\Users\std\source\repos\SB\SeaBattle\SeaBattle\SeaBattle.cpp(211,10): warning C4244: аргумент: преобразование "double" в "DWORD", возможна потеря данных
C:\Users\std\source\repos\SB\SeaBattle\SeaBattle\SeaBattle.cpp(212,10): warning C4244: аргумент: преобразование "double" в "DWORD", возможна потеря данных
C:\Users\std\source\repos\SB\SeaBattle\SeaBattle\SeaBattle.cpp(213,10): warning C4244: аргумент: преобразование "double" в "DWORD", возможна потеря данных
C:\Users\std\source\repos\SB\SeaBattle\SeaBattle\SeaBattle.cpp(214,10): warning C4244: аргумент: преобразование "double" в "DWORD", возможна потеря данных
C:\Users\std\source\repos\SB\SeaBattle\SeaBattle\SeaBattle.cpp(216,10): warning C4244: аргумент: преобразование "double" в "DWORD", возможна потеря данных
C:\Users\std\source\repos\SB\SeaBattle\SeaBattle\SeaBattle.cpp(218,10): warning C4244: аргумент: преобразование "double" в "DWORD", возможна потеря данных
C:\Users\std\source\repos\SB\SeaBattle\SeaBattle\SeaBattle.cpp(221,10): warning C4244: аргумент: преобразование "double" в "DWORD", возможна потеря данных
C:\Users\std\source\repos\SB\SeaBattle\SeaBattle\SeaBattle.cpp(225,10): warning C4244: аргумент: преобразование "double" в "DWORD", возможна потеря данных
C:\Users\std\source\repos\SB\SeaBattle\SeaBattle\SeaBattle.cpp(226,10): warning C4244: аргумент: преобразование "double" в "DWORD", возможна потеря данных
C:\Users\std\source\repos\SB\SeaBattle\SeaBattle\SeaBattle.cpp(227,10): warning C4244: аргумент: преобразование "double" в "DWORD", возможна потеря данных
C:\Users\std\source\repos\SB\SeaBattle\SeaBattle\SeaBattle.cpp(228,10): warning C4244: аргумент: преобразование "double" в "DWORD", возможна потеря данных
C:\Users\std\source\repos\SB\SeaBattle\SeaBattle\SeaBattle.cpp(229,10): warning C4244: аргумент: преобразование "double" в "DWORD", возможна потеря данных
C:\Users\std\source\repos\SB\SeaBattle\SeaBattle\SeaBattle.cpp(230,10): warning C4244: аргумент: преобразование "double" в "DWORD", возможна потеря данных
C:\Users\std\source\repos\SB\SeaBattle\SeaBattle\SeaBattle.cpp(231,10): warning C4244: аргумент: преобразование "double" в "DWORD", возможна потеря данных
C:\Users\std\source\repos\SB\SeaBattle\SeaBattle\SeaBattle.cpp(232,10): warning C4244: аргумент: преобразование "double" в "DWORD", возможна потеря данных
C:\Users\std\source\repos\SB\SeaBattle\SeaBattle\SeaBattle.cpp(234,10): warning C4244: аргумент: преобразование "double" в "DWORD", возможна потеря данных
C:\Users\std\source\repos\SB\SeaBattle\SeaBattle\SeaBattle.cpp(236,10): warning C4244: аргумент: преобразование "double" в "DWORD", возможна потеря данных
C:\Users\std\source\repos\SB\SeaBattle\SeaBattle\SeaBattle.cpp(238,10): warning C4244: аргумент: преобразование "double" в "DWORD", возможна потеря данных
C:\Users\std\source\repos\SB\SeaBattle\SeaBattle\SeaBattle.cpp(239,10): warning C4244: аргумент: преобразование "double" в "DWORD", возможна потеря данных
C:\Users\std\source\repos\SB\SeaBattle\SeaBattle\SeaBattle.cpp(240,10): warning C4244: аргумент: преобразование "double" в "DWORD", возможна потеря данных
C:\Users\std\source\repos\SB\SeaBattle\SeaBattle\SeaBattle.cpp(241,10): warning C4244: аргумент: преобразование "double" в "DWORD", возможна потеря данных
C:\Users\std\source\repos\SB\SeaBattle\SeaBattle\SeaBattle.cpp(245,10): warning C4244: аргумент: преобразование "double" в "DWORD", возможна потеря данных
C:\Users\std\source\repos\SB\SeaBattle\SeaBattle\SeaBattle.cpp(246,10): warning C4244: аргумент: преобразование "double" в "DWORD", возможна потеря данных
C:\Users\std\source\repos\SB\SeaBattle\SeaBattle\SeaBattle.cpp(247,10): warning C4244: аргумент: преобразование "double" в "DWORD", возможна потеря данных
C:\Users\std\source\repos\SB\SeaBattle\SeaBattle\SeaBattle.cpp(248,10): warning C4244: аргумент: преобразование "double" в "DWORD", возможна потеря данных
C:\Users\std\source\repos\SB\SeaBattle\SeaBattle\SeaBattle.cpp(249,10): warning C4244: аргумент: преобразование "double" в "DWORD", возможна потеря данных
C:\Users\std\source\repos\SB\SeaBattle\SeaBattle\SeaBattle.cpp(251,10): warning C4244: аргумент: преобразование "double" в "DWORD", возможна потеря данных
C:\Users\std\source\repos\SB\SeaBattle\SeaBattle\SeaBattle.cpp(252,10): warning C4244: аргумент: преобразование "double" в "DWORD", возможна потеря данных
C:\Users\std\source\repos\SB\SeaBattle\SeaBattle\SeaBattle.cpp(253,10): warning C4244: аргумент: преобразование "double" в "DWORD", возможна потеря данных
C:\Users\std\source\repos\SB\SeaBattle\SeaBattle\SeaBattle.cpp(254,10): warning C4244: аргумент: преобразование "double" в "DWORD", возможна потеря данных
C:\Users\std\source\repos\SB\SeaBattle\SeaBattle\SeaBattle.cpp(255,10): warning C4244: аргумент: преобразование "double" в "DWORD", возможна потеря данных
C:\Users\std\source\repos\SB\SeaBattle\SeaBattle\SeaBattle.cpp(256,10): warning C4244: аргумент: преобразование "double" в "DWORD", возможна потеря данных
C:\Users\std\source\repos\SB\SeaBattle\SeaBattle\SeaBattle.cpp(257,10): warning C4244: аргумент: преобразование "double" в "DWORD", возможна потеря данных
C:\Users\std\source\repos\SB\SeaBattle\SeaBattle\SeaBattle.cpp(258,10): warning C4244: аргумент: преобразование "double" в "DWORD", возможна потеря данных
C:\Users\std\source\repos\SB\SeaBattle\SeaBattle\SeaBattle.cpp(259,10): warning C4244: аргумент: преобразование "double" в "DWORD", возможна потеря данных
C:\Users\std\source\repos\SB\SeaBattle\SeaBattle\SeaBattle.cpp(260,10): warning C4244: аргумент: преобразование "double" в "DWORD", возможна потеря данных
C:\Users\std\source\repos\SB\SeaBattle\SeaBattle\SeaBattle.cpp(261,10): warning C4244: аргумент: преобразование "double" в "DWORD", возможна потеря данных
C:\Users\std\source\repos\SB\SeaBattle\SeaBattle\SeaBattle.cpp(263,10): warning C4244: аргумент: преобразование "double" в "DWORD", возможна потеря данных
C:\Users\std\source\repos\SB\SeaBattle\SeaBattle\SeaBattle.cpp(265,10): warning C4244: аргумент: преобразование "double" в "DWORD", возможна потеря данных
C:\Users\std\source\repos\SB\SeaBattle\SeaBattle\SeaBattle.cpp(266,10): warning C4244: аргумент: преобразование "double" в "DWORD", возможна потеря данных
C:\Users\std\source\repos\SB\SeaBattle\SeaBattle\SeaBattle.cpp(267,10): warning C4244: аргумент: преобразование "double" в "DWORD", возможна потеря данных
C:\Users\std\source\repos\SB\SeaBattle\SeaBattle\SeaBattle.cpp(268,10): warning C4244: аргумент: преобразование "double" в "DWORD", возможна потеря данных
C:\Users\std\source\repos\SB\SeaBattle\SeaBattle\SeaBattle.cpp(270,10): warning C4244: аргумент: преобразование "double" в "DWORD", возможна потеря данных
C:\Users\std\source\repos\SB\SeaBattle\SeaBattle\SeaBattle.cpp(271,10): warning C4244: аргумент: преобразование "double" в "DWORD", возможна потеря данных
C:\Users\std\source\repos\SB\SeaBattle\SeaBattle\SeaBattle.cpp(273,10): warning C4244: аргумент: преобразование "double" в "DWORD", возможна потеря данных
C:\Users\std\source\repos\SB\SeaBattle\SeaBattle\SeaBattle.cpp(279,10): warning C4244: аргумент: преобразование "double" в "DWORD", возможна потеря данных
C:\Users\std\source\repos\SB\SeaBattle\SeaBattle\SeaBattle.cpp(280,10): warning C4244: аргумент: преобразование "double" в "DWORD", возможна потеря данных
C:\Users\std\source\repos\SB\SeaBattle\SeaBattle\SeaBattle.cpp(282,10): warning C4244: аргумент: преобразование "double" в "DWORD", возможна потеря данных
C:\Users\std\source\repos\SB\SeaBattle\SeaBattle\SeaBattle.cpp(285,10): warning C4244: аргумент: преобразование "double" в "DWORD", возможна потеря данных
C:\Users\std\source\repos\SB\SeaBattle\SeaBattle\SeaBattle.cpp(288,10): warning C4244: аргумент: преобразование "double" в "DWORD", возможна потеря данных
C:\Users\std\source\repos\SB\SeaBattle\SeaBattle\SeaBattle.cpp(289,10): warning C4244: аргумент: преобразование "double" в "DWORD", возможна потеря данных
C:\Users\std\source\repos\SB\SeaBattle\SeaBattle\SeaBattle.cpp(290,10): warning C4244: аргумент: преобразование "double" в "DWORD", возможна потеря данных
C:\Users\std\source\repos\SB\SeaBattle\SeaBattle\SeaBattle.cpp(291,10): warning C4244: аргумент: преобразование "double" в "DWORD", возможна потеря данных
C:\Users\std\source\repos\SB\SeaBattle\SeaBattle\SeaBattle.cpp(292,10): warning C4244: аргумент: преобразование "double" в "DWORD", возможна потеря данных
C:\Users\std\source\repos\SB\SeaBattle\SeaBattle\SeaBattle.cpp(293,10): warning C4244: аргумент: преобразование "double" в "DWORD", возможна потеря данных
C:\Users\std\source\repos\SB\SeaBattle\SeaBattle\SeaBattle.cpp(294,10): warning C4244: аргумент: преобразование "double" в "DWORD", возможна потеря данных
C:\Users\std\source\repos\SB\SeaBattle\SeaBattle\SeaBattle.cpp(295,10): warning C4244: аргумент: преобразование "double" в "DWORD", возможна потеря данных
C:\Users\std\source\repos\SB\SeaBattle\SeaBattle\SeaBattle.cpp(296,10): warning C4244: аргумент: преобразование "double" в "DWORD", возможна потеря данных
C:\Users\std\source\repos\SB\SeaBattle\SeaBattle\SeaBattle.cpp(297,10): warning C4244: аргумент: преобразование "double" в "DWORD", возможна потеря данных
C:\Users\std\source\repos\SB\SeaBattle\SeaBattle\SeaBattle.cpp(298,10): warning C4244: аргумент: преобразование "double" в "DWORD", возможна потеря данных
C:\Users\std\source\repos\SB\SeaBattle\SeaBattle\SeaBattle.cpp(300,10): warning C4244: аргумент: преобразование "double" в "DWORD", возможна потеря данных
C:\Users\std\source\repos\SB\SeaBattle\SeaBattle\SeaBattle.cpp(301,10): warning C4244: аргумент: преобразование "double" в "DWORD", возможна потеря данных
C:\Users\std\source\repos\SB\SeaBattle\SeaBattle\SeaBattle.cpp(303,10): warning C4244: аргумент: преобразование "double" в "DWORD", возможна потеря данных
C:\Users\std\source\repos\SB\SeaBattle\SeaBattle\SeaBattle.cpp(309,10): warning C4244: аргумент: преобразование "double" в "DWORD", возможна потеря данных
C:\Users\std\source\repos\SB\SeaBattle\SeaBattle\SeaBattle.cpp(310,10): warning C4244: аргумент: преобразование "double" в "DWORD", возможна потеря данных
C:\Users\std\source\repos\SB\SeaBattle\SeaBattle\SeaBattle.cpp(312,10): warning C4244: аргумент: преобразование "double" в "DWORD", возможна потеря данных
C:\Users\std\source\repos\SB\SeaBattle\SeaBattle\SeaBattle.cpp(315,10): warning C4244: аргумент: преобразование "double" в "DWORD", возможна потеря данных
C:\Users\std\source\repos\SB\SeaBattle\SeaBattle\SeaBattle.cpp(318,10): warning C4244: аргумент: преобразование "double" в "DWORD", возможна потеря данных
C:\Users\std\source\repos\SB\SeaBattle\SeaBattle\SeaBattle.cpp(319,10): warning C4244: аргумент: преобразование "double" в "DWORD", возможна потеря данных
C:\Users\std\source\repos\SB\SeaBattle\SeaBattle\SeaBattle.cpp(320,10): warning C4244: аргумент: преобразование "double" в "DWORD", возможна потеря данных
C:\Users\std\source\repos\SB\SeaBattle\SeaBattle\SeaBattle.cpp(321,10): warning C4244: аргумент: преобразование "double" в "DWORD", возможна потеря данных
C:\Users\std\source\repos\SB\SeaBattle\SeaBattle\SeaBattle.cpp(322,10): warning C4244: аргумент: преобразование "double" в "DWORD", возможна потеря данных
C:\Users\std\source\repos\SB\SeaBattle\SeaBattle\SeaBattle.cpp(334,10): warning C4244: аргумент: преобразование "double" в "DWORD", возможна потеря данных
C:\Users\std\source\repos\SB\SeaBattle\SeaBattle\SeaBattle.cpp(336,10): warning C4244: аргумент: преобразование "double" в "DWORD", возможна потеря данных
C:\Users\std\source\repos\SB\SeaBattle\SeaBattle\SeaBattle.cpp(337,10): warning C4244: аргумент: преобразование "double" в "DWORD", возможна потеря данных
C:\Users\std\source\repos\SB\SeaBattle\SeaBattle\SeaBattle.cpp(960): warning C4715: checkField: значение возвращается не при всех путях выполнения
  SeaBattle.vcxproj -> C:\Users\std\source\repos\SB\SeaBattle\x64\Debug\SeaBattle.exe
